<?xml version="1.0" encoding="UTF-8"?>
<coverage generated="1670246686255" clover="3.2.0">
  <project timestamp="1670246686255" name="All files">
    <metrics statements="26" coveredstatements="20" conditionals="8" coveredconditionals="8" methods="6" coveredmethods="5" elements="40" coveredelements="33" complexity="0" loc="26" ncloc="26" packages="1" files="1" classes="1"/>
    <file name="LinkedList.js" path="/Users/shaman/Code/personal/LINKED-LIST/LinkedList.js">
      <metrics statements="26" coveredstatements="20" conditionals="8" coveredconditionals="8" methods="6" coveredmethods="5"/>
      <line num="3" count="3" type="stmt"/>
      <line num="4" count="3" type="stmt"/>
      <line num="8" count="0" type="stmt"/>
      <line num="9" count="0" type="stmt"/>
      <line num="10" count="0" type="stmt"/>
      <line num="11" count="0" type="stmt"/>
      <line num="12" count="0" type="stmt"/>
      <line num="14" count="0" type="stmt"/>
      <line num="18" count="9" type="stmt"/>
      <line num="19" count="9" type="stmt"/>
      <line num="23" count="11" type="cond" truecount="4" falsecount="0"/>
      <line num="25" count="7" type="stmt"/>
      <line num="26" count="7" type="stmt"/>
      <line num="27" count="7" type="stmt"/>
      <line num="29" count="7" type="stmt"/>
      <line num="33" count="5" type="cond" truecount="2" falsecount="0"/>
      <line num="34" count="1" type="stmt"/>
      <line num="35" count="1" type="stmt"/>
      <line num="37" count="4" type="stmt"/>
      <line num="38" count="4" type="cond" truecount="2" falsecount="0"/>
      <line num="39" count="2" type="stmt"/>
      <line num="40" count="2" type="stmt"/>
      <line num="41" count="2" type="stmt"/>
      <line num="47" count="11" type="stmt"/>
      <line num="48" count="11" type="stmt"/>
      <line num="52" count="1" type="stmt"/>
    </file>
  </project>
</coverage>
