{"/Users/shaman/Code/personal/LINKED-LIST/LinkedList.js": {"path":"/Users/shaman/Code/personal/LINKED-LIST/LinkedList.js","statementMap":{"0":{"start":{"line":3,"column":8},"end":{"line":3,"column":25}},"1":{"start":{"line":4,"column":8},"end":{"line":4,"column":22}},"2":{"start":{"line":8,"column":21},"end":{"line":8,"column":28}},"3":{"start":{"line":9,"column":22},"end":{"line":9,"column":31}},"4":{"start":{"line":10,"column":8},"end":{"line":13,"column":9}},"5":{"start":{"line":11,"column":12},"end":{"line":11,"column":43}},"6":{"start":{"line":12,"column":12},"end":{"line":12,"column":35}},"7":{"start":{"line":14,"column":8},"end":{"line":14,"column":37}},"8":{"start":{"line":18,"column":8},"end":{"line":18,"column":46}},"9":{"start":{"line":19,"column":8},"end":{"line":19,"column":20}},"10":{"start":{"line":23,"column":8},"end":{"line":23,"column":57}},"11":{"start":{"line":23,"column":45},"end":{"line":23,"column":57}},"12":{"start":{"line":25,"column":22},"end":{"line":25,"column":31}},"13":{"start":{"line":26,"column":8},"end":{"line":28,"column":9}},"14":{"start":{"line":26,"column":21},"end":{"line":26,"column":22}},"15":{"start":{"line":27,"column":12},"end":{"line":27,"column":35}},"16":{"start":{"line":29,"column":8},"end":{"line":29,"column":23}},"17":{"start":{"line":33,"column":8},"end":{"line":36,"column":9}},"18":{"start":{"line":34,"column":12},"end":{"line":34,"column":31}},"19":{"start":{"line":35,"column":12},"end":{"line":35,"column":24}},"20":{"start":{"line":37,"column":19},"end":{"line":37,"column":43}},"21":{"start":{"line":38,"column":8},"end":{"line":38,"column":38}},"22":{"start":{"line":38,"column":26},"end":{"line":38,"column":38}},"23":{"start":{"line":39,"column":18},"end":{"line":39,"column":27}},"24":{"start":{"line":40,"column":8},"end":{"line":40,"column":41}},"25":{"start":{"line":41,"column":8},"end":{"line":41,"column":20}},"26":{"start":{"line":42,"column":8},"end":{"line":42,"column":20}},"27":{"start":{"line":46,"column":8},"end":{"line":46,"column":43}},"28":{"start":{"line":46,"column":31},"end":{"line":46,"column":43}},"29":{"start":{"line":47,"column":18},"end":{"line":47,"column":27}},"30":{"start":{"line":48,"column":8},"end":{"line":48,"column":35}},"31":{"start":{"line":49,"column":8},"end":{"line":49,"column":20}},"32":{"start":{"line":50,"column":8},"end":{"line":50,"column":17}},"33":{"start":{"line":54,"column":8},"end":{"line":57,"column":9}},"34":{"start":{"line":55,"column":12},"end":{"line":55,"column":26}},"35":{"start":{"line":56,"column":12},"end":{"line":56,"column":24}},"36":{"start":{"line":58,"column":19},"end":{"line":58,"column":45}},"37":{"start":{"line":59,"column":8},"end":{"line":59,"column":38}},"38":{"start":{"line":59,"column":26},"end":{"line":59,"column":38}},"39":{"start":{"line":60,"column":22},"end":{"line":60,"column":31}},"40":{"start":{"line":61,"column":8},"end":{"line":61,"column":33}},"41":{"start":{"line":62,"column":8},"end":{"line":62,"column":20}},"42":{"start":{"line":63,"column":8},"end":{"line":63,"column":20}},"43":{"start":{"line":70,"column":8},"end":{"line":70,"column":27}},"44":{"start":{"line":71,"column":8},"end":{"line":71,"column":25}},"45":{"start":{"line":75,"column":0},"end":{"line":75,"column":34}}},"fnMap":{"0":{"name":"(anonymous_0)","decl":{"start":{"line":2,"column":4},"end":{"line":2,"column":5}},"loc":{"start":{"line":2,"column":18},"end":{"line":5,"column":5}},"line":2},"1":{"name":"(anonymous_1)","decl":{"start":{"line":7,"column":4},"end":{"line":7,"column":5}},"loc":{"start":{"line":7,"column":12},"end":{"line":15,"column":5}},"line":7},"2":{"name":"(anonymous_2)","decl":{"start":{"line":17,"column":4},"end":{"line":17,"column":5}},"loc":{"start":{"line":17,"column":17},"end":{"line":20,"column":5}},"line":17},"3":{"name":"(anonymous_3)","decl":{"start":{"line":22,"column":4},"end":{"line":22,"column":5}},"loc":{"start":{"line":22,"column":22},"end":{"line":30,"column":5}},"line":22},"4":{"name":"(anonymous_4)","decl":{"start":{"line":32,"column":4},"end":{"line":32,"column":5}},"loc":{"start":{"line":32,"column":27},"end":{"line":43,"column":5}},"line":32},"5":{"name":"(anonymous_5)","decl":{"start":{"line":45,"column":4},"end":{"line":45,"column":5}},"loc":{"start":{"line":45,"column":13},"end":{"line":51,"column":5}},"line":45},"6":{"name":"(anonymous_6)","decl":{"start":{"line":53,"column":4},"end":{"line":53,"column":5}},"loc":{"start":{"line":53,"column":20},"end":{"line":65,"column":5}},"line":53},"7":{"name":"(anonymous_7)","decl":{"start":{"line":69,"column":4},"end":{"line":69,"column":5}},"loc":{"start":{"line":69,"column":29},"end":{"line":72,"column":5}},"line":69}},"branchMap":{"0":{"loc":{"start":{"line":23,"column":8},"end":{"line":23,"column":57}},"type":"if","locations":[{"start":{"line":23,"column":8},"end":{"line":23,"column":57}},{"start":{},"end":{}}],"line":23},"1":{"loc":{"start":{"line":23,"column":12},"end":{"line":23,"column":43}},"type":"binary-expr","locations":[{"start":{"line":23,"column":12},"end":{"line":23,"column":21}},{"start":{"line":23,"column":25},"end":{"line":23,"column":43}}],"line":23},"2":{"loc":{"start":{"line":33,"column":8},"end":{"line":36,"column":9}},"type":"if","locations":[{"start":{"line":33,"column":8},"end":{"line":36,"column":9}},{"start":{},"end":{}}],"line":33},"3":{"loc":{"start":{"line":38,"column":8},"end":{"line":38,"column":38}},"type":"if","locations":[{"start":{"line":38,"column":8},"end":{"line":38,"column":38}},{"start":{},"end":{}}],"line":38},"4":{"loc":{"start":{"line":46,"column":8},"end":{"line":46,"column":43}},"type":"if","locations":[{"start":{"line":46,"column":8},"end":{"line":46,"column":43}},{"start":{},"end":{}}],"line":46},"5":{"loc":{"start":{"line":54,"column":8},"end":{"line":57,"column":9}},"type":"if","locations":[{"start":{"line":54,"column":8},"end":{"line":57,"column":9}},{"start":{},"end":{}}],"line":54},"6":{"loc":{"start":{"line":59,"column":8},"end":{"line":59,"column":38}},"type":"if","locations":[{"start":{"line":59,"column":8},"end":{"line":59,"column":38}},{"start":{},"end":{}}],"line":59}},"s":{"0":5,"1":5,"2":0,"3":0,"4":0,"5":0,"6":0,"7":0,"8":15,"9":15,"10":16,"11":6,"12":10,"13":10,"14":10,"15":9,"16":10,"17":5,"18":1,"19":1,"20":4,"21":4,"22":2,"23":2,"24":2,"25":2,"26":2,"27":2,"28":1,"29":1,"30":1,"31":1,"32":1,"33":3,"34":0,"35":0,"36":3,"37":3,"38":2,"39":1,"40":1,"41":1,"42":1,"43":17,"44":17,"45":1},"f":{"0":5,"1":0,"2":15,"3":16,"4":5,"5":2,"6":3,"7":17},"b":{"0":[6,10],"1":[16,13],"2":[1,4],"3":[2,2],"4":[1,1],"5":[0,3],"6":[2,1]},"_coverageSchema":"1a1c01bbd47fc00a2c39e90264f33305004495a9","hash":"973d5bd2aaca7189d1fc64efc61608f14a8a0b7c"}
}
