TN:
SF:LinkedList.js
FN:2,(anonymous_0)
FN:7,(anonymous_1)
FN:17,(anonymous_2)
FN:22,(anonymous_3)
FN:32,(anonymous_4)
FN:46,(anonymous_5)
FNF:6
FNH:5
FNDA:3,(anonymous_0)
FNDA:0,(anonymous_1)
FNDA:9,(anonymous_2)
FNDA:11,(anonymous_3)
FNDA:5,(anonymous_4)
FNDA:11,(anonymous_5)
DA:3,3
DA:4,3
DA:8,0
DA:9,0
DA:10,0
DA:11,0
DA:12,0
DA:14,0
DA:18,9
DA:19,9
DA:23,11
DA:25,7
DA:26,7
DA:27,7
DA:29,7
DA:33,5
DA:34,1
DA:35,1
DA:37,4
DA:38,4
DA:39,2
DA:40,2
DA:41,2
DA:47,11
DA:48,11
DA:52,1
LF:26
LH:20
BRDA:23,0,0,4
BRDA:23,0,1,7
BRDA:23,1,0,11
BRDA:23,1,1,9
BRDA:33,2,0,1
BRDA:33,2,1,4
BRDA:38,3,0,2
BRDA:38,3,1,2
BRF:8
BRH:8
end_of_record
