TN:
SF:LinkedList.js
FN:2,(anonymous_0)
FN:7,(anonymous_1)
FN:17,(anonymous_2)
FN:22,(anonymous_3)
FN:32,(anonymous_4)
FN:45,(anonymous_5)
FN:53,(anonymous_6)
FN:69,(anonymous_7)
FNF:8
FNH:7
FNDA:5,(anonymous_0)
FNDA:0,(anonymous_1)
FNDA:15,(anonymous_2)
FNDA:16,(anonymous_3)
FNDA:5,(anonymous_4)
FNDA:2,(anonymous_5)
FNDA:3,(anonymous_6)
FNDA:17,(anonymous_7)
DA:3,5
DA:4,5
DA:8,0
DA:9,0
DA:10,0
DA:11,0
DA:12,0
DA:14,0
DA:18,15
DA:19,15
DA:23,16
DA:25,10
DA:26,10
DA:27,9
DA:29,10
DA:33,5
DA:34,1
DA:35,1
DA:37,4
DA:38,4
DA:39,2
DA:40,2
DA:41,2
DA:42,2
DA:46,2
DA:47,1
DA:48,1
DA:49,1
DA:50,1
DA:54,3
DA:55,0
DA:56,0
DA:58,3
DA:59,3
DA:60,1
DA:61,1
DA:62,1
DA:63,1
DA:70,17
DA:71,17
DA:75,1
LF:41
LH:33
BRDA:23,0,0,6
BRDA:23,0,1,10
BRDA:23,1,0,16
BRDA:23,1,1,13
BRDA:33,2,0,1
BRDA:33,2,1,4
BRDA:38,3,0,2
BRDA:38,3,1,2
BRDA:46,4,0,1
BRDA:46,4,1,1
BRDA:54,5,0,0
BRDA:54,5,1,3
BRDA:59,6,0,2
BRDA:59,6,1,1
BRF:14
BRH:13
end_of_record
